<?xml version="1.0" encoding="UTF-8"?>
<testng-results skipped="0" failed="0" ignored="0" total="1" passed="1">
  <reporter-output>
  </reporter-output>
  <suite name="Default suite" duration-ms="214" started-at="2018-08-14T10:50:08Z" finished-at="2018-08-14T10:50:08Z">
    <groups>
    </groups>
    <test name="Default test" duration-ms="214" started-at="2018-08-14T10:50:08Z" finished-at="2018-08-14T10:50:08Z">
      <class name="com.test.appium.testbase.TestBase">
        <test-method status="PASS" signature="beforeTest()[pri:0, instance:com.test.appium.testbase.TestBase@17fd0e6]" name="beforeTest" is-config="true" duration-ms="87" started-at="2018-08-14T16:20:08Z" finished-at="2018-08-14T16:20:08Z">
          <reporter-output>
          </reporter-output>
        </test-method> <!-- beforeTest -->
        <test-method status="PASS" signature="f()[pri:0, instance:com.test.appium.testbase.TestBase@17fd0e6]" name="f" duration-ms="19" started-at="2018-08-14T16:20:08Z" finished-at="2018-08-14T16:20:08Z">
          <reporter-output>
          </reporter-output>
        </test-method> <!-- f -->
        <test-method status="PASS" signature="afterTest()[pri:0, instance:com.test.appium.testbase.TestBase@17fd0e6]" name="afterTest" is-config="true" duration-ms="1" started-at="2018-08-14T16:20:08Z" finished-at="2018-08-14T16:20:08Z">
          <reporter-output>
          </reporter-output>
        </test-method> <!-- afterTest -->
      </class> <!-- com.test.appium.testbase.TestBase -->
    </test> <!-- Default test -->
  </suite> <!-- Default suite -->
</testng-results>
